  Game.cpp
c:\users\brandon\desktop\a star\a_star_abmush\astar_ambush\circle.h(37): warning C4244: 'argument': conversion from 'float' to 'int', possible loss of data
c:\users\brandon\desktop\a star\a_star_abmush\astar_ambush\line.h(28): warning C4244: 'argument': conversion from 'float' to 'int', possible loss of data
c:\users\brandon\desktop\a star\a_star_abmush\astar_ambush\point.h(27): warning C4244: 'argument': conversion from 'float' to 'int', possible loss of data
c:\users\brandon\desktop\a star\a_star_abmush\astar_ambush\square.h(30): warning C4838: conversion from 'float' to 'int' requires a narrowing conversion
c:\users\brandon\desktop\a star\a_star_abmush\astar_ambush\square.h(30): warning C4244: 'initializing': conversion from 'float' to 'int', possible loss of data
c:\users\brandon\desktop\a star\a_star_abmush\astar_ambush\game.cpp(103): warning C4244: '+=': conversion from 'double' to 'int', possible loss of data
c:\users\brandon\desktop\a star\a_star_abmush\astar_ambush\game.cpp(136): warning C4244: 'argument': conversion from 'double' to 'float', possible loss of data
  Grid.cpp
c:\users\brandon\desktop\a star\a_star_abmush\astar_ambush\line.h(28): warning C4244: 'argument': conversion from 'float' to 'int', possible loss of data
c:\users\brandon\desktop\a star\a_star_abmush\astar_ambush\square.h(30): warning C4838: conversion from 'float' to 'int' requires a narrowing conversion
c:\users\brandon\desktop\a star\a_star_abmush\astar_ambush\square.h(30): warning C4244: 'initializing': conversion from 'float' to 'int', possible loss of data
c:\users\brandon\desktop\a star\a_star_abmush\astar_ambush\grid.cpp(18): warning C4244: '+=': conversion from 'float' to 'int', possible loss of data
c:\users\brandon\desktop\a star\a_star_abmush\astar_ambush\grid.cpp(20): warning C4244: '+=': conversion from 'float' to 'int', possible loss of data
c:\users\brandon\desktop\a star\a_star_abmush\astar_ambush\grid.cpp(22): warning C4244: 'argument': conversion from 'int' to 'float', possible loss of data
c:\users\brandon\desktop\a star\a_star_abmush\astar_ambush\grid.cpp(27): warning C4244: 'initializing': conversion from 'float' to 'int', possible loss of data
c:\users\brandon\desktop\a star\a_star_abmush\astar_ambush\grid.cpp(27): warning C4244: '+=': conversion from 'float' to 'int', possible loss of data
c:\users\brandon\desktop\a star\a_star_abmush\astar_ambush\grid.cpp(29): warning C4244: 'argument': conversion from 'int' to 'float', possible loss of data
c:\users\brandon\desktop\a star\a_star_abmush\astar_ambush\grid.cpp(32): warning C4244: 'initializing': conversion from 'float' to 'int', possible loss of data
c:\users\brandon\desktop\a star\a_star_abmush\astar_ambush\grid.cpp(32): warning C4244: '+=': conversion from 'float' to 'int', possible loss of data
c:\users\brandon\desktop\a star\a_star_abmush\astar_ambush\grid.cpp(34): warning C4244: 'argument': conversion from 'int' to 'float', possible loss of data
c:\users\brandon\desktop\a star\a_star_abmush\astar_ambush\grid.cpp(37): warning C4244: '=': conversion from 'float' to 'int', possible loss of data
c:\users\brandon\desktop\a star\a_star_abmush\astar_ambush\grid.cpp(44): warning C4018: '<': signed/unsigned mismatch
c:\users\brandon\desktop\a star\a_star_abmush\astar_ambush\grid.cpp(61): warning C4244: 'argument': conversion from 'float' to 'const unsigned int', possible loss of data
c:\users\brandon\desktop\a star\a_star_abmush\astar_ambush\grid.cpp(63): warning C4244: 'argument': conversion from 'float' to 'const unsigned int', possible loss of data
c:\users\brandon\desktop\a star\a_star_abmush\astar_ambush\grid.cpp(66): warning C4244: 'argument': conversion from 'float' to 'const unsigned int', possible loss of data
c:\users\brandon\desktop\a star\a_star_abmush\astar_ambush\grid.cpp(68): warning C4244: 'argument': conversion from 'float' to 'const unsigned int', possible loss of data
c:\users\brandon\desktop\a star\a_star_abmush\astar_ambush\grid.cpp(110): warning C4244: 'return': conversion from 'float' to 'int', possible loss of data
c:\users\brandon\desktop\a star\a_star_abmush\astar_ambush\grid.cpp(116): warning C4244: 'return': conversion from 'float' to 'int', possible loss of data
  Node.cpp
c:\users\brandon\desktop\a star\a_star_abmush\astar_ambush\line.h(28): warning C4244: 'argument': conversion from 'float' to 'int', possible loss of data
c:\users\brandon\desktop\a star\a_star_abmush\astar_ambush\square.h(30): warning C4838: conversion from 'float' to 'int' requires a narrowing conversion
c:\users\brandon\desktop\a star\a_star_abmush\astar_ambush\square.h(30): warning C4244: 'initializing': conversion from 'float' to 'int', possible loss of data
  main.cpp
c:\users\brandon\desktop\a star\a_star_abmush\astar_ambush\circle.h(37): warning C4244: 'argument': conversion from 'float' to 'int', possible loss of data
c:\users\brandon\desktop\a star\a_star_abmush\astar_ambush\line.h(28): warning C4244: 'argument': conversion from 'float' to 'int', possible loss of data
c:\users\brandon\desktop\a star\a_star_abmush\astar_ambush\point.h(27): warning C4244: 'argument': conversion from 'float' to 'int', possible loss of data
c:\users\brandon\desktop\a star\a_star_abmush\astar_ambush\square.h(30): warning C4838: conversion from 'float' to 'int' requires a narrowing conversion
c:\users\brandon\desktop\a star\a_star_abmush\astar_ambush\square.h(30): warning C4244: 'initializing': conversion from 'float' to 'int', possible loss of data
  Generating Code...
  Astar_Ambush.vcxproj -> C:\Users\Brandon\Desktop\A star\A_Star_Abmush\Debug\Astar_Ambush.exe
